app/build/outputs/logs/manifest-merger-debug-report.txt
-- Merging decision tree log ---
manifest
ADDED from src\main\AndroidManifest.xml:2:1-64:12
	package
		ADDED from src\main\AndroidManifest.xml:3:5-41
		INJECTED from src\main\AndroidManifest.xml
		INJECTED from src\main\AndroidManifest.xml
	android:versionName
		ADDED from src\main\AndroidManifest.xml:5:5-30
	android:versionCode
		ADDED from src\main\AndroidManifest.xml:4:5-28
		INJECTED from src\main\AndroidManifest.xml
		INJECTED from src\main\AndroidManifest.xml
	xmlns:android
		ADDED from src\main\AndroidManifest.xml:2:11-69
uses-sdk
ADDED from src\main\AndroidManifest.xml:7:5-9:41
MERGED from [com.android.support:appcompat-v7:19.1.0] AndroidManifest.xml:18:5-42
	android:targetSdkVersion
		ADDED from src\main\AndroidManifest.xml:9:9-38
		INJECTED from src\main\AndroidManifest.xml
		INJECTED from src\main\AndroidManifest.xml
	android:minSdkVersion
		ADDED from src\main\AndroidManifest.xml:8:9-35
		INJECTED from src\main\AndroidManifest.xml
		INJECTED from src\main\AndroidManifest.xml
uses-permission#android.permission.INTERNET
ADDED from src\main\AndroidManifest.xml:11:5-67
	android:name
		ADDED from src\main\AndroidManifest.xml:11:22-64
uses-permission#android.permission.ACCESS_NETWORK_STATE
ADDED from src\main\AndroidManifest.xml:12:5-79
	android:name
		ADDED from src\main\AndroidManifest.xml:12:22-76
application
ADDED from src\main\AndroidManifest.xml:14:5-62:19
MERGED from [com.android.support:appcompat-v7:19.1.0] AndroidManifest.xml:19:5-20
	android:label
		ADDED from src\main\AndroidManifest.xml:17:9-41
	android:allowBackup
		ADDED from src\main\AndroidManifest.xml:15:9-35
	android:icon
		ADDED from src\main\AndroidManifest.xml:16:9-45
	android:theme
		ADDED from src\main\AndroidManifest.xml:18:9-40
activity#cz.vutbr.fit.gja.rssreader.ui.MainActivity
ADDED from src\main\AndroidManifest.xml:19:9-27:20
	android:label
		ADDED from src\main\AndroidManifest.xml:21:13-45
	android:name
		ADDED from src\main\AndroidManifest.xml:20:13-70
intent-filter#android.intent.action.MAIN+android.intent.category.LAUNCHER
ADDED from src\main\AndroidManifest.xml:22:13-26:29
action#android.intent.action.MAIN
ADDED from src\main\AndroidManifest.xml:23:17-69
	android:name
		ADDED from src\main\AndroidManifest.xml:23:25-66
category#android.intent.category.LAUNCHER
ADDED from src\main\AndroidManifest.xml:25:17-77
	android:name
		ADDED from src\main\AndroidManifest.xml:25:27-74
activity#cz.vutbr.fit.gja.rssreader.ui.AddEditSourceActivity
ADDED from src\main\AndroidManifest.xml:29:9-32:15
	android:label
		ADDED from src\main\AndroidManifest.xml:30:13-62
	android:parentActivityName
		ADDED from src\main\AndroidManifest.xml:31:13-93
	android:name
		ADDED from src\main\AndroidManifest.xml:29:19-85
activity#cz.vutbr.fit.gja.rssreader.ui.ManageSourcesActivity
ADDED from src\main\AndroidManifest.xml:34:9-36:86
	android:label
		ADDED from src\main\AndroidManifest.xml:35:13-66
	android:parentActivityName
		ADDED from src\main\AndroidManifest.xml:36:13-84
	android:name
		ADDED from src\main\AndroidManifest.xml:34:19-85
activity#cz.vutbr.fit.gja.rssreader.ui.AddEditCategoryActivity
ADDED from src\main\AndroidManifest.xml:38:9-40:98
	android:label
		ADDED from src\main\AndroidManifest.xml:39:13-64
	android:parentActivityName
		ADDED from src\main\AndroidManifest.xml:40:13-96
	android:name
		ADDED from src\main\AndroidManifest.xml:38:19-87
activity#cz.vutbr.fit.gja.rssreader.ui.ManageCategoriesActivity
ADDED from src\main\AndroidManifest.xml:42:9-44:86
	android:label
		ADDED from src\main\AndroidManifest.xml:43:13-69
	android:parentActivityName
		ADDED from src\main\AndroidManifest.xml:44:13-84
	android:name
		ADDED from src\main\AndroidManifest.xml:42:19-88
activity#cz.vutbr.fit.gja.rssreader.ui.ArticleActivity
ADDED from src\main\AndroidManifest.xml:46:9-52:20
	android:parentActivityName
		ADDED from src\main\AndroidManifest.xml:48:4-75
	android:name
		ADDED from src\main\AndroidManifest.xml:47:13-73
meta-data#android.support.PARENT_ACTIVITY
ADDED from src\main\AndroidManifest.xml:49:13-51:78
	android:value
		ADDED from src\main\AndroidManifest.xml:51:17-75
	android:name
		ADDED from src\main\AndroidManifest.xml:50:17-63
activity#cz.vutbr.fit.gja.rssreader.ui.SettingsActivity
ADDED from src\main\AndroidManifest.xml:54:9-61:20
	android:label
		ADDED from src\main\AndroidManifest.xml:56:13-60
	android:parentActivityName
		ADDED from src\main\AndroidManifest.xml:57:13-84
	android:name
		ADDED from src\main\AndroidManifest.xml:55:13-74